<?xml version="1.0" encoding="UTF-8"?>
<coverage generated="1532534424154" clover="3.2.0">
  <project timestamp="1532534424154" name="All files">
    <metrics statements="78" coveredstatements="24" conditionals="49" coveredconditionals="10" methods="49" coveredmethods="9" elements="176" coveredelements="43" complexity="0" loc="78" ncloc="78" packages="2" files="8" classes="8">
      <package name="src">
        <metrics statements="23" coveredstatements="1" conditionals="25" coveredconditionals="0" methods="16" coveredmethods="0"/>
        <file name="index.js" path="/Users/wjxu/Documents/twOrientationProject/day_8/todo-react/src/index.js">
          <metrics statements="7" coveredstatements="0" conditionals="4" coveredconditionals="0" methods="1" coveredmethods="0"/>
          <line num="1" count="0" type="stmt"/>
          <line num="2" count="0" type="stmt"/>
          <line num="3" count="0" type="stmt"/>
          <line num="4" count="0" type="stmt"/>
          <line num="5" count="0" type="cond" truecount="0" falsecount="4"/>
          <line num="7" count="0" type="stmt"/>
          <line num="8" count="0" type="stmt"/>
        </file>
        <file name="registerServiceWorker.js" path="/Users/wjxu/Documents/twOrientationProject/day_8/todo-react/src/registerServiceWorker.js">
          <metrics statements="15" coveredstatements="0" conditionals="21" coveredconditionals="0" methods="15" coveredmethods="0"/>
          <line num="1" count="0" type="stmt"/>
          <line num="21" count="0" type="stmt"/>
          <line num="118" count="0" type="cond" truecount="0" falsecount="3"/>
          <line num="120" count="0" type="cond" truecount="0" falsecount="4"/>
          <line num="121" count="0" type="cond" truecount="0" falsecount="2"/>
          <line num="124" count="0" type="cond" truecount="0" falsecount="2"/>
          <line num="125" count="0" type="stmt"/>
          <line num="127" count="0" type="stmt"/>
          <line num="128" count="0" type="cond" truecount="0" falsecount="4"/>
          <line num="132" count="0" type="stmt"/>
          <line num="135" count="0" type="stmt"/>
          <line num="136" count="0" type="stmt"/>
          <line num="137" count="0" type="cond" truecount="0" falsecount="4"/>
          <line num="138" count="0" type="stmt"/>
          <line num="139" count="0" type="cond" truecount="0" falsecount="2"/>
        </file>
        <file name="testSetup.js" path="/Users/wjxu/Documents/twOrientationProject/day_8/todo-react/src/testSetup.js">
          <metrics statements="1" coveredstatements="1" conditionals="0" coveredconditionals="0" methods="0" coveredmethods="0"/>
          <line num="4" count="3" type="stmt"/>
        </file>
      </package>
      <package name="src.components">
        <metrics statements="55" coveredstatements="23" conditionals="24" coveredconditionals="10" methods="33" coveredmethods="9"/>
        <file name="App.js" path="/Users/wjxu/Documents/twOrientationProject/day_8/todo-react/src/components/App.js">
          <metrics statements="25" coveredstatements="10" conditionals="2" coveredconditionals="0" methods="15" coveredmethods="2"/>
          <line num="8" count="1" type="stmt"/>
          <line num="9" count="1" type="stmt"/>
          <line num="10" count="1" type="stmt"/>
          <line num="11" count="1" type="stmt"/>
          <line num="12" count="1" type="stmt"/>
          <line num="13" count="1" type="stmt"/>
          <line num="14" count="1" type="stmt"/>
          <line num="15" count="1" type="stmt"/>
          <line num="16" count="1" type="stmt"/>
          <line num="20" count="0" type="cond" truecount="0" falsecount="2"/>
          <line num="21" count="0" type="stmt"/>
          <line num="23" count="0" type="stmt"/>
          <line num="26" count="0" type="stmt"/>
          <line num="27" count="0" type="stmt"/>
          <line num="30" count="0" type="stmt"/>
          <line num="31" count="0" type="stmt"/>
          <line num="34" count="0" type="stmt"/>
          <line num="35" count="0" type="stmt"/>
          <line num="38" count="0" type="stmt"/>
          <line num="41" count="0" type="stmt"/>
          <line num="42" count="0" type="stmt"/>
          <line num="44" count="0" type="stmt"/>
          <line num="47" count="0" type="stmt"/>
          <line num="50" count="1" type="stmt"/>
          <line num="54" count="0" type="stmt"/>
        </file>
        <file name="Footer.js" path="/Users/wjxu/Documents/twOrientationProject/day_8/todo-react/src/components/Footer.js">
          <metrics statements="5" coveredstatements="1" conditionals="6" coveredconditionals="3" methods="5" coveredmethods="1"/>
          <line num="4" count="1" type="stmt"/>
          <line num="11" count="0" type="stmt"/>
          <line num="17" count="0" type="stmt"/>
          <line num="22" count="0" type="stmt"/>
          <line num="27" count="0" type="stmt"/>
        </file>
        <file name="Header.js" path="/Users/wjxu/Documents/twOrientationProject/day_8/todo-react/src/components/Header.js">
          <metrics statements="4" coveredstatements="1" conditionals="2" coveredconditionals="0" methods="2" coveredmethods="1"/>
          <line num="6" count="1" type="stmt"/>
          <line num="10" count="0" type="cond" truecount="0" falsecount="2"/>
          <line num="11" count="0" type="stmt"/>
          <line num="12" count="0" type="stmt"/>
        </file>
        <file name="Todo.js" path="/Users/wjxu/Documents/twOrientationProject/day_8/todo-react/src/components/Todo.js">
          <metrics statements="17" coveredstatements="8" conditionals="14" coveredconditionals="7" methods="7" coveredmethods="2"/>
          <line num="4" count="2" type="stmt"/>
          <line num="5" count="2" type="stmt"/>
          <line num="6" count="2" type="stmt"/>
          <line num="9" count="0" type="stmt"/>
          <line num="12" count="3" type="stmt"/>
          <line num="13" count="3" type="stmt"/>
          <line num="14" count="3" type="stmt"/>
          <line num="15" count="3" type="cond" truecount="3" falsecount="3"/>
          <line num="16" count="0" type="stmt"/>
          <line num="19" count="3" type="stmt"/>
          <line num="22" count="0" type="stmt"/>
          <line num="24" count="0" type="stmt"/>
          <line num="25" count="0" type="stmt"/>
          <line num="28" count="0" type="stmt"/>
          <line num="32" count="0" type="cond" truecount="0" falsecount="2"/>
          <line num="33" count="0" type="stmt"/>
          <line num="34" count="0" type="stmt"/>
        </file>
        <file name="TodoList.js" path="/Users/wjxu/Documents/twOrientationProject/day_8/todo-react/src/components/TodoList.js">
          <metrics statements="4" coveredstatements="3" conditionals="0" coveredconditionals="0" methods="4" coveredmethods="3"/>
          <line num="6" count="2" type="stmt"/>
          <line num="8" count="4" type="stmt"/>
          <line num="9" count="0" type="stmt"/>
          <line num="13" count="4" type="stmt"/>
        </file>
      </package>
    </metrics>
  </project>
</coverage>
